On sample: HP01_ATR_MHB_SM_S14
You have 50 bins in the sample HP01_ATR_MHB_SM_S14
[tbl2asn-forever] Found Prokka input, correcting dates in .gbf|.sqn files.
[tbl2asn-forever] Correcting dates in /fs/project/PAS1117/ricardo/metaG/project1/8.annotation_gene/HP01_ATR_MHB_SM_S14.2/HP01_ATR_MHB_SM_S14.2.gbf
[tbl2asn-forever] Correcting dates in /fs/project/PAS1117/ricardo/metaG/project1/8.annotation_gene/HP01_ATR_MHB_SM_S14.2/HP01_ATR_MHB_SM_S14.2.sqn
[tbl2asn-forever] Dates changed from 01-JAN-2019 to 25-JUL-2023
[tbl2asn-forever] Found Prokka input, correcting dates in .gbf|.sqn files.
[tbl2asn-forever] Correcting dates in /fs/project/PAS1117/ricardo/metaG/project1/8.annotation_gene/HP01_ATR_MHB_SM_S14.3/HP01_ATR_MHB_SM_S14.3.gbf
[tbl2asn-forever] Correcting dates in /fs/project/PAS1117/ricardo/metaG/project1/8.annotation_gene/HP01_ATR_MHB_SM_S14.3/HP01_ATR_MHB_SM_S14.3.sqn
[tbl2asn-forever] Dates changed from 01-JAN-2019 to 25-JUL-2023
[tbl2asn-forever] Found Prokka input, correcting dates in .gbf|.sqn files.
[tbl2asn-forever] Correcting dates in /fs/project/PAS1117/ricardo/metaG/project1/8.annotation_gene/HP01_ATR_MHB_SM_S14.4/HP01_ATR_MHB_SM_S14.4.gbf
[tbl2asn-forever] Correcting dates in /fs/project/PAS1117/ricardo/metaG/project1/8.annotation_gene/HP01_ATR_MHB_SM_S14.4/HP01_ATR_MHB_SM_S14.4.sqn
[tbl2asn-forever] Dates changed from 01-JAN-2019 to 25-JUL-2023
[tbl2asn-forever] Found Prokka input, correcting dates in .gbf|.sqn files.
[tbl2asn-forever] Correcting dates in /fs/project/PAS1117/ricardo/metaG/project1/8.annotation_gene/HP01_ATR_MHB_SM_S14.5/HP01_ATR_MHB_SM_S14.5.gbf
[tbl2asn-forever] Correcting dates in /fs/project/PAS1117/ricardo/metaG/project1/8.annotation_gene/HP01_ATR_MHB_SM_S14.5/HP01_ATR_MHB_SM_S14.5.sqn
[tbl2asn-forever] Dates changed from 01-JAN-2019 to 25-JUL-2023
[tbl2asn-forever] Found Prokka input, correcting dates in .gbf|.sqn files.
[tbl2asn-forever] Correcting dates in /fs/project/PAS1117/ricardo/metaG/project1/8.annotation_gene/HP01_ATR_MHB_SM_S14.6/HP01_ATR_MHB_SM_S14.6.gbf
[tbl2asn-forever] Correcting dates in /fs/project/PAS1117/ricardo/metaG/project1/8.annotation_gene/HP01_ATR_MHB_SM_S14.6/HP01_ATR_MHB_SM_S14.6.sqn
[tbl2asn-forever] Dates changed from 01-JAN-2019 to 25-JUL-2023
[tbl2asn-forever] Found Prokka input, correcting dates in .gbf|.sqn files.
[tbl2asn-forever] Correcting dates in /fs/project/PAS1117/ricardo/metaG/project1/8.annotation_gene/HP01_ATR_MHB_SM_S14.7/HP01_ATR_MHB_SM_S14.7.gbf
[tbl2asn-forever] Correcting dates in /fs/project/PAS1117/ricardo/metaG/project1/8.annotation_gene/HP01_ATR_MHB_SM_S14.7/HP01_ATR_MHB_SM_S14.7.sqn
[tbl2asn-forever] Dates changed from 01-JAN-2019 to 25-JUL-2023
[tbl2asn-forever] Found Prokka input, correcting dates in .gbf|.sqn files.
[tbl2asn-forever] Correcting dates in /fs/project/PAS1117/ricardo/metaG/project1/8.annotation_gene/HP01_ATR_MHB_SM_S14.8/HP01_ATR_MHB_SM_S14.8.gbf
[tbl2asn-forever] Correcting dates in /fs/project/PAS1117/ricardo/metaG/project1/8.annotation_gene/HP01_ATR_MHB_SM_S14.8/HP01_ATR_MHB_SM_S14.8.sqn
[tbl2asn-forever] Dates changed from 01-JAN-2019 to 25-JUL-2023
[tbl2asn-forever] Found Prokka input, correcting dates in .gbf|.sqn files.
[tbl2asn-forever] Correcting dates in /fs/project/PAS1117/ricardo/metaG/project1/8.annotation_gene/HP01_ATR_MHB_SM_S14.9/HP01_ATR_MHB_SM_S14.9.gbf
[tbl2asn-forever] Correcting dates in /fs/project/PAS1117/ricardo/metaG/project1/8.annotation_gene/HP01_ATR_MHB_SM_S14.9/HP01_ATR_MHB_SM_S14.9.sqn
[tbl2asn-forever] Dates changed from 01-JAN-2019 to 25-JUL-2023
[tbl2asn-forever] Found Prokka input, correcting dates in .gbf|.sqn files.
[tbl2asn-forever] Correcting dates in /fs/project/PAS1117/ricardo/metaG/project1/8.annotation_gene/HP01_ATR_MHB_SM_S14.10/HP01_ATR_MHB_SM_S14.10.gbf
[tbl2asn-forever] Correcting dates in /fs/project/PAS1117/ricardo/metaG/project1/8.annotation_gene/HP01_ATR_MHB_SM_S14.10/HP01_ATR_MHB_SM_S14.10.sqn
[tbl2asn-forever] Dates changed from 01-JAN-2019 to 25-JUL-2023
[tbl2asn-forever] Found Prokka input, correcting dates in .gbf|.sqn files.
[tbl2asn-forever] Correcting dates in /fs/project/PAS1117/ricardo/metaG/project1/8.annotation_gene/HP01_ATR_MHB_SM_S14.11/HP01_ATR_MHB_SM_S14.11.gbf
[tbl2asn-forever] Correcting dates in /fs/project/PAS1117/ricardo/metaG/project1/8.annotation_gene/HP01_ATR_MHB_SM_S14.11/HP01_ATR_MHB_SM_S14.11.sqn
[tbl2asn-forever] Dates changed from 01-JAN-2019 to 25-JUL-2023
[tbl2asn-forever] Found Prokka input, correcting dates in .gbf|.sqn files.
[tbl2asn-forever] Correcting dates in /fs/project/PAS1117/ricardo/metaG/project1/8.annotation_gene/HP01_ATR_MHB_SM_S14.12/HP01_ATR_MHB_SM_S14.12.gbf
[tbl2asn-forever] Correcting dates in /fs/project/PAS1117/ricardo/metaG/project1/8.annotation_gene/HP01_ATR_MHB_SM_S14.12/HP01_ATR_MHB_SM_S14.12.sqn
[tbl2asn-forever] Dates changed from 01-JAN-2019 to 25-JUL-2023
[tbl2asn-forever] Found Prokka input, correcting dates in .gbf|.sqn files.
[tbl2asn-forever] Correcting dates in /fs/project/PAS1117/ricardo/metaG/project1/8.annotation_gene/HP01_ATR_MHB_SM_S14.13/HP01_ATR_MHB_SM_S14.13.gbf
[tbl2asn-forever] Correcting dates in /fs/project/PAS1117/ricardo/metaG/project1/8.annotation_gene/HP01_ATR_MHB_SM_S14.13/HP01_ATR_MHB_SM_S14.13.sqn
[tbl2asn-forever] Dates changed from 01-JAN-2019 to 25-JUL-2023
[tbl2asn-forever] Found Prokka input, correcting dates in .gbf|.sqn files.
[tbl2asn-forever] Correcting dates in /fs/project/PAS1117/ricardo/metaG/project1/8.annotation_gene/HP01_ATR_MHB_SM_S14.14/HP01_ATR_MHB_SM_S14.14.gbf
[tbl2asn-forever] Correcting dates in /fs/project/PAS1117/ricardo/metaG/project1/8.annotation_gene/HP01_ATR_MHB_SM_S14.14/HP01_ATR_MHB_SM_S14.14.sqn
[tbl2asn-forever] Dates changed from 01-JAN-2019 to 25-JUL-2023
[tbl2asn-forever] Found Prokka input, correcting dates in .gbf|.sqn files.
[tbl2asn-forever] Correcting dates in /fs/project/PAS1117/ricardo/metaG/project1/8.annotation_gene/HP01_ATR_MHB_SM_S14.15/HP01_ATR_MHB_SM_S14.15.gbf
[tbl2asn-forever] Correcting dates in /fs/project/PAS1117/ricardo/metaG/project1/8.annotation_gene/HP01_ATR_MHB_SM_S14.15/HP01_ATR_MHB_SM_S14.15.sqn
[tbl2asn-forever] Dates changed from 01-JAN-2019 to 25-JUL-2023
[tbl2asn-forever] Found Prokka input, correcting dates in .gbf|.sqn files.
[tbl2asn-forever] Correcting dates in /fs/project/PAS1117/ricardo/metaG/project1/8.annotation_gene/HP01_ATR_MHB_SM_S14.16/HP01_ATR_MHB_SM_S14.16.gbf
[tbl2asn-forever] Correcting dates in /fs/project/PAS1117/ricardo/metaG/project1/8.annotation_gene/HP01_ATR_MHB_SM_S14.16/HP01_ATR_MHB_SM_S14.16.sqn
[tbl2asn-forever] Dates changed from 01-JAN-2019 to 25-JUL-2023
[tbl2asn-forever] Found Prokka input, correcting dates in .gbf|.sqn files.
[tbl2asn-forever] Correcting dates in /fs/project/PAS1117/ricardo/metaG/project1/8.annotation_gene/HP01_ATR_MHB_SM_S14.17/HP01_ATR_MHB_SM_S14.17.gbf
[tbl2asn-forever] Correcting dates in /fs/project/PAS1117/ricardo/metaG/project1/8.annotation_gene/HP01_ATR_MHB_SM_S14.17/HP01_ATR_MHB_SM_S14.17.sqn
[tbl2asn-forever] Dates changed from 01-JAN-2019 to 25-JUL-2023
[tbl2asn-forever] Found Prokka input, correcting dates in .gbf|.sqn files.
[tbl2asn-forever] Correcting dates in /fs/project/PAS1117/ricardo/metaG/project1/8.annotation_gene/HP01_ATR_MHB_SM_S14.18/HP01_ATR_MHB_SM_S14.18.gbf
[tbl2asn-forever] Correcting dates in /fs/project/PAS1117/ricardo/metaG/project1/8.annotation_gene/HP01_ATR_MHB_SM_S14.18/HP01_ATR_MHB_SM_S14.18.sqn
[tbl2asn-forever] Dates changed from 01-JAN-2019 to 25-JUL-2023
[tbl2asn-forever] Found Prokka input, correcting dates in .gbf|.sqn files.
[tbl2asn-forever] Correcting dates in /fs/project/PAS1117/ricardo/metaG/project1/8.annotation_gene/HP01_ATR_MHB_SM_S14.19/HP01_ATR_MHB_SM_S14.19.gbf
[tbl2asn-forever] Correcting dates in /fs/project/PAS1117/ricardo/metaG/project1/8.annotation_gene/HP01_ATR_MHB_SM_S14.19/HP01_ATR_MHB_SM_S14.19.sqn
[tbl2asn-forever] Dates changed from 01-JAN-2019 to 25-JUL-2023
[tbl2asn-forever] Found Prokka input, correcting dates in .gbf|.sqn files.
[tbl2asn-forever] Correcting dates in /fs/project/PAS1117/ricardo/metaG/project1/8.annotation_gene/HP01_ATR_MHB_SM_S14.20/HP01_ATR_MHB_SM_S14.20.gbf
[tbl2asn-forever] Correcting dates in /fs/project/PAS1117/ricardo/metaG/project1/8.annotation_gene/HP01_ATR_MHB_SM_S14.20/HP01_ATR_MHB_SM_S14.20.sqn
[tbl2asn-forever] Dates changed from 01-JAN-2019 to 25-JUL-2023
[tbl2asn-forever] Found Prokka input, correcting dates in .gbf|.sqn files.
[tbl2asn-forever] Correcting dates in /fs/project/PAS1117/ricardo/metaG/project1/8.annotation_gene/HP01_ATR_MHB_SM_S14.21/HP01_ATR_MHB_SM_S14.21.gbf
[tbl2asn-forever] Correcting dates in /fs/project/PAS1117/ricardo/metaG/project1/8.annotation_gene/HP01_ATR_MHB_SM_S14.21/HP01_ATR_MHB_SM_S14.21.sqn
[tbl2asn-forever] Dates changed from 01-JAN-2019 to 25-JUL-2023
[tbl2asn-forever] Found Prokka input, correcting dates in .gbf|.sqn files.
[tbl2asn-forever] Correcting dates in /fs/project/PAS1117/ricardo/metaG/project1/8.annotation_gene/HP01_ATR_MHB_SM_S14.22/HP01_ATR_MHB_SM_S14.22.gbf
[tbl2asn-forever] Correcting dates in /fs/project/PAS1117/ricardo/metaG/project1/8.annotation_gene/HP01_ATR_MHB_SM_S14.22/HP01_ATR_MHB_SM_S14.22.sqn
[tbl2asn-forever] Dates changed from 01-JAN-2019 to 25-JUL-2023
[tbl2asn-forever] Found Prokka input, correcting dates in .gbf|.sqn files.
[tbl2asn-forever] Correcting dates in /fs/project/PAS1117/ricardo/metaG/project1/8.annotation_gene/HP01_ATR_MHB_SM_S14.23/HP01_ATR_MHB_SM_S14.23.gbf
[tbl2asn-forever] Correcting dates in /fs/project/PAS1117/ricardo/metaG/project1/8.annotation_gene/HP01_ATR_MHB_SM_S14.23/HP01_ATR_MHB_SM_S14.23.sqn
[tbl2asn-forever] Dates changed from 01-JAN-2019 to 25-JUL-2023
[tbl2asn-forever] Found Prokka input, correcting dates in .gbf|.sqn files.
[tbl2asn-forever] Correcting dates in /fs/project/PAS1117/ricardo/metaG/project1/8.annotation_gene/HP01_ATR_MHB_SM_S14.24/HP01_ATR_MHB_SM_S14.24.gbf
[tbl2asn-forever] Correcting dates in /fs/project/PAS1117/ricardo/metaG/project1/8.annotation_gene/HP01_ATR_MHB_SM_S14.24/HP01_ATR_MHB_SM_S14.24.sqn
[tbl2asn-forever] Dates changed from 01-JAN-2019 to 25-JUL-2023
[tbl2asn-forever] Found Prokka input, correcting dates in .gbf|.sqn files.
[tbl2asn-forever] Correcting dates in /fs/project/PAS1117/ricardo/metaG/project1/8.annotation_gene/HP01_ATR_MHB_SM_S14.25/HP01_ATR_MHB_SM_S14.25.gbf
[tbl2asn-forever] Correcting dates in /fs/project/PAS1117/ricardo/metaG/project1/8.annotation_gene/HP01_ATR_MHB_SM_S14.25/HP01_ATR_MHB_SM_S14.25.sqn
[tbl2asn-forever] Dates changed from 01-JAN-2019 to 25-JUL-2023
[tbl2asn-forever] Found Prokka input, correcting dates in .gbf|.sqn files.
[tbl2asn-forever] Correcting dates in /fs/project/PAS1117/ricardo/metaG/project1/8.annotation_gene/HP01_ATR_MHB_SM_S14.26/HP01_ATR_MHB_SM_S14.26.gbf
[tbl2asn-forever] Correcting dates in /fs/project/PAS1117/ricardo/metaG/project1/8.annotation_gene/HP01_ATR_MHB_SM_S14.26/HP01_ATR_MHB_SM_S14.26.sqn
[tbl2asn-forever] Dates changed from 01-JAN-2019 to 25-JUL-2023
[tbl2asn-forever] Found Prokka input, correcting dates in .gbf|.sqn files.
[tbl2asn-forever] Correcting dates in /fs/project/PAS1117/ricardo/metaG/project1/8.annotation_gene/HP01_ATR_MHB_SM_S14.27/HP01_ATR_MHB_SM_S14.27.gbf
[tbl2asn-forever] Correcting dates in /fs/project/PAS1117/ricardo/metaG/project1/8.annotation_gene/HP01_ATR_MHB_SM_S14.27/HP01_ATR_MHB_SM_S14.27.sqn
[tbl2asn-forever] Dates changed from 01-JAN-2019 to 25-JUL-2023
[tbl2asn-forever] Found Prokka input, correcting dates in .gbf|.sqn files.
[tbl2asn-forever] Correcting dates in /fs/project/PAS1117/ricardo/metaG/project1/8.annotation_gene/HP01_ATR_MHB_SM_S14.28/HP01_ATR_MHB_SM_S14.28.gbf
[tbl2asn-forever] Correcting dates in /fs/project/PAS1117/ricardo/metaG/project1/8.annotation_gene/HP01_ATR_MHB_SM_S14.28/HP01_ATR_MHB_SM_S14.28.sqn
[tbl2asn-forever] Dates changed from 01-JAN-2019 to 25-JUL-2023
[tbl2asn-forever] Found Prokka input, correcting dates in .gbf|.sqn files.
[tbl2asn-forever] Correcting dates in /fs/project/PAS1117/ricardo/metaG/project1/8.annotation_gene/HP01_ATR_MHB_SM_S14.29/HP01_ATR_MHB_SM_S14.29.gbf
[tbl2asn-forever] Correcting dates in /fs/project/PAS1117/ricardo/metaG/project1/8.annotation_gene/HP01_ATR_MHB_SM_S14.29/HP01_ATR_MHB_SM_S14.29.sqn
[tbl2asn-forever] Dates changed from 01-JAN-2019 to 25-JUL-2023
[tbl2asn-forever] Found Prokka input, correcting dates in .gbf|.sqn files.
[tbl2asn-forever] Correcting dates in /fs/project/PAS1117/ricardo/metaG/project1/8.annotation_gene/HP01_ATR_MHB_SM_S14.30/HP01_ATR_MHB_SM_S14.30.gbf
[tbl2asn-forever] Correcting dates in /fs/project/PAS1117/ricardo/metaG/project1/8.annotation_gene/HP01_ATR_MHB_SM_S14.30/HP01_ATR_MHB_SM_S14.30.sqn
[tbl2asn-forever] Dates changed from 01-JAN-2019 to 25-JUL-2023
[tbl2asn-forever] Found Prokka input, correcting dates in .gbf|.sqn files.
[tbl2asn-forever] Correcting dates in /fs/project/PAS1117/ricardo/metaG/project1/8.annotation_gene/HP01_ATR_MHB_SM_S14.31/HP01_ATR_MHB_SM_S14.31.gbf
[tbl2asn-forever] Correcting dates in /fs/project/PAS1117/ricardo/metaG/project1/8.annotation_gene/HP01_ATR_MHB_SM_S14.31/HP01_ATR_MHB_SM_S14.31.sqn
[tbl2asn-forever] Dates changed from 01-JAN-2019 to 25-JUL-2023
[tbl2asn-forever] Found Prokka input, correcting dates in .gbf|.sqn files.
[tbl2asn-forever] Correcting dates in /fs/project/PAS1117/ricardo/metaG/project1/8.annotation_gene/HP01_ATR_MHB_SM_S14.32/HP01_ATR_MHB_SM_S14.32.gbf
[tbl2asn-forever] Correcting dates in /fs/project/PAS1117/ricardo/metaG/project1/8.annotation_gene/HP01_ATR_MHB_SM_S14.32/HP01_ATR_MHB_SM_S14.32.sqn
[tbl2asn-forever] Dates changed from 01-JAN-2019 to 25-JUL-2023
[tbl2asn-forever] Found Prokka input, correcting dates in .gbf|.sqn files.
[tbl2asn-forever] Correcting dates in /fs/project/PAS1117/ricardo/metaG/project1/8.annotation_gene/HP01_ATR_MHB_SM_S14.33/HP01_ATR_MHB_SM_S14.33.gbf
[tbl2asn-forever] Correcting dates in /fs/project/PAS1117/ricardo/metaG/project1/8.annotation_gene/HP01_ATR_MHB_SM_S14.33/HP01_ATR_MHB_SM_S14.33.sqn
[tbl2asn-forever] Dates changed from 01-JAN-2019 to 25-JUL-2023
[tbl2asn-forever] Found Prokka input, correcting dates in .gbf|.sqn files.
[tbl2asn-forever] Correcting dates in /fs/project/PAS1117/ricardo/metaG/project1/8.annotation_gene/HP01_ATR_MHB_SM_S14.34/HP01_ATR_MHB_SM_S14.34.gbf
[tbl2asn-forever] Correcting dates in /fs/project/PAS1117/ricardo/metaG/project1/8.annotation_gene/HP01_ATR_MHB_SM_S14.34/HP01_ATR_MHB_SM_S14.34.sqn
[tbl2asn-forever] Dates changed from 01-JAN-2019 to 25-JUL-2023
[tbl2asn-forever] Found Prokka input, correcting dates in .gbf|.sqn files.
[tbl2asn-forever] Correcting dates in /fs/project/PAS1117/ricardo/metaG/project1/8.annotation_gene/HP01_ATR_MHB_SM_S14.35/HP01_ATR_MHB_SM_S14.35.gbf
[tbl2asn-forever] Correcting dates in /fs/project/PAS1117/ricardo/metaG/project1/8.annotation_gene/HP01_ATR_MHB_SM_S14.35/HP01_ATR_MHB_SM_S14.35.sqn
[tbl2asn-forever] Dates changed from 01-JAN-2019 to 25-JUL-2023
[tbl2asn-forever] Found Prokka input, correcting dates in .gbf|.sqn files.
[tbl2asn-forever] Correcting dates in /fs/project/PAS1117/ricardo/metaG/project1/8.annotation_gene/HP01_ATR_MHB_SM_S14.36/HP01_ATR_MHB_SM_S14.36.gbf
[tbl2asn-forever] Correcting dates in /fs/project/PAS1117/ricardo/metaG/project1/8.annotation_gene/HP01_ATR_MHB_SM_S14.36/HP01_ATR_MHB_SM_S14.36.sqn
[tbl2asn-forever] Dates changed from 01-JAN-2019 to 25-JUL-2023
[tbl2asn-forever] Found Prokka input, correcting dates in .gbf|.sqn files.
[tbl2asn-forever] Correcting dates in /fs/project/PAS1117/ricardo/metaG/project1/8.annotation_gene/HP01_ATR_MHB_SM_S14.37/HP01_ATR_MHB_SM_S14.37.gbf
[tbl2asn-forever] Correcting dates in /fs/project/PAS1117/ricardo/metaG/project1/8.annotation_gene/HP01_ATR_MHB_SM_S14.37/HP01_ATR_MHB_SM_S14.37.sqn
[tbl2asn-forever] Dates changed from 01-JAN-2019 to 25-JUL-2023
[tbl2asn-forever] Found Prokka input, correcting dates in .gbf|.sqn files.
[tbl2asn-forever] Correcting dates in /fs/project/PAS1117/ricardo/metaG/project1/8.annotation_gene/HP01_ATR_MHB_SM_S14.38/HP01_ATR_MHB_SM_S14.38.gbf
[tbl2asn-forever] Correcting dates in /fs/project/PAS1117/ricardo/metaG/project1/8.annotation_gene/HP01_ATR_MHB_SM_S14.38/HP01_ATR_MHB_SM_S14.38.sqn
[tbl2asn-forever] Dates changed from 01-JAN-2019 to 25-JUL-2023
[tbl2asn-forever] Found Prokka input, correcting dates in .gbf|.sqn files.
[tbl2asn-forever] Correcting dates in /fs/project/PAS1117/ricardo/metaG/project1/8.annotation_gene/HP01_ATR_MHB_SM_S14.39/HP01_ATR_MHB_SM_S14.39.gbf
[tbl2asn-forever] Correcting dates in /fs/project/PAS1117/ricardo/metaG/project1/8.annotation_gene/HP01_ATR_MHB_SM_S14.39/HP01_ATR_MHB_SM_S14.39.sqn
[tbl2asn-forever] Dates changed from 01-JAN-2019 to 25-JUL-2023
[tbl2asn-forever] Found Prokka input, correcting dates in .gbf|.sqn files.
[tbl2asn-forever] Correcting dates in /fs/project/PAS1117/ricardo/metaG/project1/8.annotation_gene/HP01_ATR_MHB_SM_S14.40/HP01_ATR_MHB_SM_S14.40.gbf
[tbl2asn-forever] Correcting dates in /fs/project/PAS1117/ricardo/metaG/project1/8.annotation_gene/HP01_ATR_MHB_SM_S14.40/HP01_ATR_MHB_SM_S14.40.sqn
[tbl2asn-forever] Dates changed from 01-JAN-2019 to 25-JUL-2023
[tbl2asn-forever] Found Prokka input, correcting dates in .gbf|.sqn files.
[tbl2asn-forever] Correcting dates in /fs/project/PAS1117/ricardo/metaG/project1/8.annotation_gene/HP01_ATR_MHB_SM_S14.41/HP01_ATR_MHB_SM_S14.41.gbf
[tbl2asn-forever] Correcting dates in /fs/project/PAS1117/ricardo/metaG/project1/8.annotation_gene/HP01_ATR_MHB_SM_S14.41/HP01_ATR_MHB_SM_S14.41.sqn
[tbl2asn-forever] Dates changed from 01-JAN-2019 to 25-JUL-2023
[tbl2asn-forever] Found Prokka input, correcting dates in .gbf|.sqn files.
[tbl2asn-forever] Correcting dates in /fs/project/PAS1117/ricardo/metaG/project1/8.annotation_gene/HP01_ATR_MHB_SM_S14.42/HP01_ATR_MHB_SM_S14.42.gbf
[tbl2asn-forever] Correcting dates in /fs/project/PAS1117/ricardo/metaG/project1/8.annotation_gene/HP01_ATR_MHB_SM_S14.42/HP01_ATR_MHB_SM_S14.42.sqn
[tbl2asn-forever] Dates changed from 01-JAN-2019 to 25-JUL-2023
[tbl2asn-forever] Found Prokka input, correcting dates in .gbf|.sqn files.
[tbl2asn-forever] Correcting dates in /fs/project/PAS1117/ricardo/metaG/project1/8.annotation_gene/HP01_ATR_MHB_SM_S14.43/HP01_ATR_MHB_SM_S14.43.gbf
[tbl2asn-forever] Correcting dates in /fs/project/PAS1117/ricardo/metaG/project1/8.annotation_gene/HP01_ATR_MHB_SM_S14.43/HP01_ATR_MHB_SM_S14.43.sqn
[tbl2asn-forever] Dates changed from 01-JAN-2019 to 25-JUL-2023
[tbl2asn-forever] Found Prokka input, correcting dates in .gbf|.sqn files.
[tbl2asn-forever] Correcting dates in /fs/project/PAS1117/ricardo/metaG/project1/8.annotation_gene/HP01_ATR_MHB_SM_S14.44/HP01_ATR_MHB_SM_S14.44.gbf
[tbl2asn-forever] Correcting dates in /fs/project/PAS1117/ricardo/metaG/project1/8.annotation_gene/HP01_ATR_MHB_SM_S14.44/HP01_ATR_MHB_SM_S14.44.sqn
[tbl2asn-forever] Dates changed from 01-JAN-2019 to 25-JUL-2023
[tbl2asn-forever] Found Prokka input, correcting dates in .gbf|.sqn files.
[tbl2asn-forever] Correcting dates in /fs/project/PAS1117/ricardo/metaG/project1/8.annotation_gene/HP01_ATR_MHB_SM_S14.45/HP01_ATR_MHB_SM_S14.45.gbf
[tbl2asn-forever] Correcting dates in /fs/project/PAS1117/ricardo/metaG/project1/8.annotation_gene/HP01_ATR_MHB_SM_S14.45/HP01_ATR_MHB_SM_S14.45.sqn
[tbl2asn-forever] Dates changed from 01-JAN-2019 to 25-JUL-2023
[tbl2asn-forever] Found Prokka input, correcting dates in .gbf|.sqn files.
[tbl2asn-forever] Correcting dates in /fs/project/PAS1117/ricardo/metaG/project1/8.annotation_gene/HP01_ATR_MHB_SM_S14.46/HP01_ATR_MHB_SM_S14.46.gbf
[tbl2asn-forever] Correcting dates in /fs/project/PAS1117/ricardo/metaG/project1/8.annotation_gene/HP01_ATR_MHB_SM_S14.46/HP01_ATR_MHB_SM_S14.46.sqn
[tbl2asn-forever] Dates changed from 01-JAN-2019 to 25-JUL-2023
[tbl2asn-forever] Found Prokka input, correcting dates in .gbf|.sqn files.
[tbl2asn-forever] Correcting dates in /fs/project/PAS1117/ricardo/metaG/project1/8.annotation_gene/HP01_ATR_MHB_SM_S14.47/HP01_ATR_MHB_SM_S14.47.gbf
[tbl2asn-forever] Correcting dates in /fs/project/PAS1117/ricardo/metaG/project1/8.annotation_gene/HP01_ATR_MHB_SM_S14.47/HP01_ATR_MHB_SM_S14.47.sqn
[tbl2asn-forever] Dates changed from 01-JAN-2019 to 25-JUL-2023
[tbl2asn-forever] Found Prokka input, correcting dates in .gbf|.sqn files.
[tbl2asn-forever] Correcting dates in /fs/project/PAS1117/ricardo/metaG/project1/8.annotation_gene/HP01_ATR_MHB_SM_S14.48/HP01_ATR_MHB_SM_S14.48.gbf
[tbl2asn-forever] Correcting dates in /fs/project/PAS1117/ricardo/metaG/project1/8.annotation_gene/HP01_ATR_MHB_SM_S14.48/HP01_ATR_MHB_SM_S14.48.sqn
[tbl2asn-forever] Dates changed from 01-JAN-2019 to 25-JUL-2023
[tbl2asn-forever] Found Prokka input, correcting dates in .gbf|.sqn files.
[tbl2asn-forever] Correcting dates in /fs/project/PAS1117/ricardo/metaG/project1/8.annotation_gene/HP01_ATR_MHB_SM_S14.49/HP01_ATR_MHB_SM_S14.49.gbf
[tbl2asn-forever] Correcting dates in /fs/project/PAS1117/ricardo/metaG/project1/8.annotation_gene/HP01_ATR_MHB_SM_S14.49/HP01_ATR_MHB_SM_S14.49.sqn
[tbl2asn-forever] Dates changed from 01-JAN-2019 to 25-JUL-2023
[tbl2asn-forever] Found Prokka input, correcting dates in .gbf|.sqn files.
[tbl2asn-forever] Correcting dates in /fs/project/PAS1117/ricardo/metaG/project1/8.annotation_gene/HP01_ATR_MHB_SM_S14.50/HP01_ATR_MHB_SM_S14.50.gbf
[tbl2asn-forever] Correcting dates in /fs/project/PAS1117/ricardo/metaG/project1/8.annotation_gene/HP01_ATR_MHB_SM_S14.50/HP01_ATR_MHB_SM_S14.50.sqn
[tbl2asn-forever] Dates changed from 01-JAN-2019 to 25-JUL-2023
job is done
